<?xml version="1.0" encoding="UTF-8"?>
<!-- Generated by org.testng.reporters.JUnitXMLReporter -->
<testsuite hostname="DESKTOP-AUG88V9" ignored="0" name="Default test" tests="3" failures="0" timestamp="2020-03-14T08:08:04 IST" time="0.372" errors="0">
  <testcase name="method1" time="0.04" classname="testng_programs.P21"/>
  <testcase name="method2" time="0.025" classname="testng_programs.P21"/>
  <testcase name="method3" time="0.019" classname="testng_programs.P21"/>
</testsuite> <!-- Default test -->
