<?xml version="1.0" encoding="UTF-8"?>
<testng-results skipped="0" failed="0" ignored="0" total="3" passed="3">
  <reporter-output>
    <line>
      <![CDATA[method2]]>
    </line>
    <line>
      <![CDATA[method3]]>
    </line>
  </reporter-output>
  <suite name="Default suite" duration-ms="372" started-at="2020-03-14T08:08:03 IST" finished-at="2020-03-14T08:08:03 IST">
    <groups>
    </groups>
    <test name="Default test" duration-ms="372" started-at="2020-03-14T08:08:03 IST" finished-at="2020-03-14T08:08:03 IST">
      <class name="testng_programs.P21">
        <test-method status="PASS" signature="method1()[pri:0, instance:testng_programs.P21@6e0e048a]" name="method1" duration-ms="40" started-at="2020-03-14T08:08:03 IST" finished-at="2020-03-14T08:08:03 IST">
          <reporter-output>
          </reporter-output>
        </test-method> <!-- method1 -->
        <test-method status="PASS" signature="method2()[pri:0, instance:testng_programs.P21@6e0e048a]" name="method2" duration-ms="25" started-at="2020-03-14T08:08:03 IST" finished-at="2020-03-14T08:08:03 IST">
          <reporter-output>
            <line>
              <![CDATA[method2]]>
            </line>
          </reporter-output>
        </test-method> <!-- method2 -->
        <test-method status="PASS" signature="method3()[pri:0, instance:testng_programs.P21@6e0e048a]" name="method3" duration-ms="19" started-at="2020-03-14T08:08:03 IST" finished-at="2020-03-14T08:08:03 IST">
          <reporter-output>
            <line>
              <![CDATA[method3]]>
            </line>
          </reporter-output>
        </test-method> <!-- method3 -->
      </class> <!-- testng_programs.P21 -->
    </test> <!-- Default test -->
  </suite> <!-- Default suite -->
</testng-results>
